<?xml version="1.0" encoding="UTF-8"?>
<testng-results ignored="0" total="5" passed="5" failed="0" skipped="0">
  <reporter-output>
  </reporter-output>
  <suite started-at="2022-11-29T09:23:16 IST" name="Guru 99 Application" finished-at="2022-11-29T09:23:49 IST" duration-ms="33367">
    <groups>
      <group name="RegisterSucess">
        <method signature="RegisterSucessTest.validateEmailId()[pri:4, instance:TestLayer.RegisterSucessTest@72e5a8e]" name="validateEmailId" class="TestLayer.RegisterSucessTest"/>
        <method signature="RegisterSucessTest.validateFirstName()[pri:2, instance:TestLayer.RegisterSucessTest@72e5a8e]" name="validateFirstName" class="TestLayer.RegisterSucessTest"/>
        <method signature="RegisterSucessTest.validateLastName()[pri:3, instance:TestLayer.RegisterSucessTest@72e5a8e]" name="validateLastName" class="TestLayer.RegisterSucessTest"/>
        <method signature="RegisterSucessTest.validateSucessPageUrl()[pri:1, instance:TestLayer.RegisterSucessTest@72e5a8e]" name="validateSucessPageUrl" class="TestLayer.RegisterSucessTest"/>
      </group> <!-- RegisterSucess -->
      <group name="RegisterPage">
        <method signature="RegisterPageTest.validateRegisterFunctionality()[pri:0, instance:TestLayer.RegisterPageTest@4b0d79fc]" name="validateRegisterFunctionality" class="TestLayer.RegisterPageTest"/>
      </group> <!-- RegisterPage -->
    </groups>
    <test started-at="2022-11-29T09:23:16 IST" name="Register Page Sucess Test Cases" finished-at="2022-11-29T09:23:49 IST" duration-ms="33367">
      <class name="TestLayer.RegisterSucessTest">
        <test-method signature="validateSucessPageUrl()[pri:1, instance:TestLayer.RegisterSucessTest@72e5a8e]" started-at="2022-11-29T09:23:46 IST" name="validateSucessPageUrl" depends-on-groups="RegisterPage" finished-at="2022-11-29T09:23:46 IST" duration-ms="14" status="PASS">
          <reporter-output>
          </reporter-output>
        </test-method> <!-- validateSucessPageUrl -->
        <test-method signature="validateFirstName()[pri:2, instance:TestLayer.RegisterSucessTest@72e5a8e]" started-at="2022-11-29T09:23:47 IST" name="validateFirstName" depends-on-groups="RegisterPage" finished-at="2022-11-29T09:23:47 IST" duration-ms="65" status="PASS">
          <reporter-output>
          </reporter-output>
        </test-method> <!-- validateFirstName -->
        <test-method signature="validateLastName()[pri:3, instance:TestLayer.RegisterSucessTest@72e5a8e]" started-at="2022-11-29T09:23:47 IST" name="validateLastName" depends-on-groups="RegisterPage" finished-at="2022-11-29T09:23:47 IST" duration-ms="21" status="PASS">
          <reporter-output>
          </reporter-output>
        </test-method> <!-- validateLastName -->
        <test-method signature="validateEmailId()[pri:4, instance:TestLayer.RegisterSucessTest@72e5a8e]" started-at="2022-11-29T09:23:48 IST" name="validateEmailId" depends-on-groups="RegisterPage" finished-at="2022-11-29T09:23:48 IST" duration-ms="31" status="PASS">
          <reporter-output>
          </reporter-output>
        </test-method> <!-- validateEmailId -->
      </class> <!-- TestLayer.RegisterSucessTest -->
      <class name="TestLayer.RegisterPageTest">
        <test-method is-config="true" signature="setUp()[pri:0, instance:TestLayer.RegisterPageTest@4b0d79fc]" started-at="2022-11-29T09:23:16 IST" name="setUp" finished-at="2022-11-29T09:23:39 IST" duration-ms="23170" status="PASS">
          <reporter-output>
          </reporter-output>
        </test-method> <!-- setUp -->
        <test-method signature="validateRegisterFunctionality()[pri:0, instance:TestLayer.RegisterPageTest@4b0d79fc]" started-at="2022-11-29T09:23:39 IST" name="validateRegisterFunctionality" finished-at="2022-11-29T09:23:45 IST" duration-ms="5823" status="PASS">
          <reporter-output>
          </reporter-output>
        </test-method> <!-- validateRegisterFunctionality -->
        <test-method is-config="true" signature="tearDown()[pri:0, instance:TestLayer.RegisterPageTest@4b0d79fc]" started-at="2022-11-29T09:23:49 IST" name="tearDown" finished-at="2022-11-29T09:23:49 IST" duration-ms="0" status="PASS">
          <reporter-output>
          </reporter-output>
        </test-method> <!-- tearDown -->
      </class> <!-- TestLayer.RegisterPageTest -->
    </test> <!-- Register Page Sucess Test Cases -->
  </suite> <!-- Guru 99 Application -->
</testng-results>
